#-----------------------------------------------------------
# Vivado v2020.2 (64-bit)
# SW Build 3064766 on Wed Nov 18 09:12:45 MST 2020
# IP Build 3064653 on Wed Nov 18 14:17:31 MST 2020
# Start of session at: Thu Dec 14 14:19:28 2023
# Process ID: 9764
# Current directory: C:/Users/rosentha/Desktop/Rosenthal_ECE_Labs/Lab 03
# Command line: vivado.exe -gui_launcher_event rodinguilauncherevent9564 C:\Users\rosentha\Desktop\Rosenthal_ECE_Labs\Lab 03\Lab03.xpr
# Log file: C:/Users/rosentha/Desktop/Rosenthal_ECE_Labs/Lab 03/vivado.log
# Journal file: C:/Users/rosentha/Desktop/Rosenthal_ECE_Labs/Lab 03\vivado.jou
#-----------------------------------------------------------
start_gui
open_project {C:/Users/rosentha/Desktop/Rosenthal_ECE_Labs/Lab 03/Lab03.xpr}
INFO: [Project 1-313] Project file moved from 'C:/Users/rosentha/ECE212_Kline_Wurm/Lab 03' since last save.
WARNING: [filemgmt 56-2] Default IP Output Path : Could not find the directory 'C:/Users/rosentha/Desktop/Rosenthal_ECE_Labs/Lab 03/Lab03.gen/sources_1', nor could it be found using path 'C:/Users/rosentha/ECE212_Kline_Wurm/Lab 03/Lab03.gen/sources_1'.
WARNING: [filemgmt 56-2] IPUserFilesDir: Could not find the directory 'C:/Users/rosentha/Desktop/Rosenthal_ECE_Labs/Lab 03/Lab03.ip_user_files', nor could it be found using path 'C:/Users/rosentha/ECE212_Kline_Wurm/Lab 03/Lab03.ip_user_files'.
CRITICAL WARNING: [Project 1-311] Could not find the file 'C:/Users/rosentha/Lab 02/hdl/counter.sv', nor could it be found using path 'C:/Users/Lab 02/hdl/counter.sv'.
CRITICAL WARNING: [Project 1-311] Could not find the file 'C:/Users/rosentha/Desktop/hdl/dbl_dabble_ext.sv', nor could it be found using path 'C:/Users/rosentha/hdl/dbl_dabble_ext.sv'.
CRITICAL WARNING: [Project 1-311] Could not find the file 'C:/Users/rosentha/Lab 02/hdl/dec_3_8_n.sv', nor could it be found using path 'C:/Users/Lab 02/hdl/dec_3_8_n.sv'.
CRITICAL WARNING: [Project 1-311] Could not find the file 'C:/Users/rosentha/Lab 02/hdl/mux8.sv', nor could it be found using path 'C:/Users/Lab 02/hdl/mux8.sv'.
CRITICAL WARNING: [Project 1-311] Could not find the file 'C:/Users/rosentha/Lab 02/hdl/period_enb.sv', nor could it be found using path 'C:/Users/Lab 02/hdl/period_enb.sv'.
CRITICAL WARNING: [Project 1-311] Could not find the file 'C:/Users/rosentha/Lab 02/hdl/sevenseg_ctl.sv', nor could it be found using path 'C:/Users/Lab 02/hdl/sevenseg_ctl.sv'.
CRITICAL WARNING: [Project 1-311] Could not find the file 'C:/Users/rosentha/Lab 02/hdl/sevenseg_ext_n.sv', nor could it be found using path 'C:/Users/Lab 02/hdl/sevenseg_ext_n.sv'.
CRITICAL WARNING: [Project 1-311] Could not find the file 'C:/Users/Downloads/TWICtl.vhd', nor could it be found using path 'C:/Downloads/TWICtl.vhd'.
CRITICAL WARNING: [Project 1-311] Could not find the file 'C:/Users/Downloads/TempSensorCtl.vhd', nor could it be found using path 'C:/Downloads/TempSensorCtl.vhd'.
CRITICAL WARNING: [Project 1-311] Could not find the file 'C:/Users/rosentha/Desktop/hdl/dbl_dabble_ext_tb.sv', nor could it be found using path 'C:/Users/rosentha/hdl/dbl_dabble_ext_tb.sv'.
Scanning sources...
Finished scanning sources
INFO: [IP_Flow 19-234] Refreshing IP repositories
INFO: [IP_Flow 19-1704] No user IP repositories specified
INFO: [IP_Flow 19-2313] Loaded Vivado IP repository 'C:/Xilinx/Vivado/2020.2/data/ip'.
open_project: Time (s): cpu = 00:00:02 ; elapsed = 00:00:06 . Memory (MB): peak = 1106.285 ; gain = 0.000
update_compile_order -fileset sources_1
adWARNING: [Common 17-9] Error reading message records.
exit
INFO: [Common 17-206] Exiting Vivado at Thu Dec 14 14:26:27 2023...
/sevenseg_ctl.sv} {C:/Users/rosentha/ECE212_Kline_Wurm/Lab 02/hdl/mux8.sv} {C:/Users/rosentha/ECE212_Kline_Wurm/Lab 02/hdl/period_enb.sv} {C:/Users/rosentha/ECE212_Kline_Wurm/Lab 02/hdl/dec_3_8_n.sv} {C:/Users/rosentha/ECE212_Kline_Wurm/Lab 02/hdl/sevenseg_ext_n.sv}}
update_compile_order -fileset sources_1
reset_run synth_1
WARNING: [Vivado 12-1017] Problems encountered:
1. Failed to delete one or more files in run directory C:/Users/rosentha/Desktop/Rosenthal_ECE_Labs/Lab 03/Lab03.runs/synth_1

launch_runs synth_1 -jobs 6
[Thu Dec 14 14:25:33 2023] Launched synth_1...
Run output will be captured here: C:/Users/rosentha/Desktop/Rosenthal_ECE_Labs/Lab 03/Lab03.runs/synth_1/runme.log
exit
INFO: [Common 17-206] Exiting Vivado at Thu Dec 14 14:28:10 2023...
